2026/06/29 11:31:39 finance: using file store
2026/06/29 11:31:39 finance: Google Sheets sync enabled (sheet 10au7z7FR6SpWt1VJ5TTB7WJSbuIBauECCj9zf9xWlYw)
2026/06/29 11:31:39 finance: procurement (PR) section enabled (sheet 1IV2PeGKG2cX451B8VHhtdrLF4eyayrQvGEUgWe_204Q)
2026/06/29 11:31:39 finance API listening on http://localhost:8084
2026/06/29 16:40:34 OPTIONS /api/auth/login -> 204 (0s)
2026/06/29 16:40:34 POST /api/auth/login -> 401 (0s)
2026/06/29 16:40:34 POST /api/auth/login -> 200 (0s)
2026/06/29 16:40:34 POST /api/auth/login -> 200 (0s)
2026/06/29 16:40:34 OPTIONS /api/dashboard -> 204 (0s)
2026/06/29 16:40:34 GET /api/ws -> 200 (0s)
2026/06/29 16:40:34 OPTIONS /api/dashboard -> 204 (0s)
2026/06/29 16:40:34 GET /api/dashboard -> 200 (655.2µs)
2026/06/29 16:40:34 GET /api/dashboard -> 200 (450.8µs)
2026/06/29 16:40:34 GET /api/ws -> 200 (0s)
2026/06/29 16:40:34 GET /api/dashboard -> 200 (0s)
2026/06/29 16:40:41 OPTIONS /api/dashboard -> 204 (0s)
2026/06/29 16:40:41 OPTIONS /api/dashboard -> 204 (0s)
2026/06/29 16:40:41 GET /api/ws -> 200 (0s)
2026/06/29 16:40:41 GET /api/dashboard -> 200 (0s)
2026/06/29 16:40:41 GET /api/dashboard -> 200 (0s)
2026/06/29 16:40:41 GET /api/ws -> 200 (0s)
2026/06/29 16:40:41 GET /api/dashboard -> 200 (0s)
2026/06/29 16:49:16 OPTIONS /api/dashboard -> 204 (0s)
2026/06/29 16:49:16 OPTIONS /api/dashboard -> 204 (0s)
2026/06/29 16:49:16 GET /api/ws -> 200 (0s)
2026/06/29 16:49:16 GET /api/dashboard -> 200 (0s)
2026/06/29 16:49:16 GET /api/dashboard -> 200 (0s)
2026/06/29 16:49:16 GET /api/ws -> 200 (0s)
2026/06/29 16:49:16 GET /api/dashboard -> 200 (0s)
2026/07/01 19:22:26 finance: shutting down...
2026/07/01 19:22:26 finance: stopped
